<?xml version="1.0" encoding="UTF-8"?>
<testng-results skipped="0" failed="0" total="1" passed="1">
  <reporter-output>
  </reporter-output>
  <suite name="Default suite" duration-ms="11307" started-at="2015-05-18T02:32:38Z" finished-at="2015-05-18T02:32:49Z">
    <groups>
    </groups>
    <test name="Default test" duration-ms="11307" started-at="2015-05-18T02:32:38Z" finished-at="2015-05-18T02:32:49Z">
      <class name="TestClass">
        <test-method status="PASS" signature="setUp()[pri:0, instance:TestClass@3646a422]" name="setUp" is-config="true" duration-ms="10636" started-at="2015-05-17T19:32:38Z" finished-at="2015-05-17T19:32:49Z">
          <reporter-output>
          </reporter-output>
        </test-method> <!-- setUp -->
        <test-method status="PASS" signature="testLogo()[pri:0, instance:TestClass@3646a422]" name="testLogo" duration-ms="392" started-at="2015-05-17T19:32:49Z" finished-at="2015-05-17T19:32:49Z">
          <reporter-output>
          </reporter-output>
        </test-method> <!-- testLogo -->
        <test-method status="PASS" signature="tearDown()[pri:0, instance:TestClass@3646a422]" name="tearDown" is-config="true" duration-ms="260" started-at="2015-05-17T19:32:49Z" finished-at="2015-05-17T19:32:49Z">
          <reporter-output>
          </reporter-output>
        </test-method> <!-- tearDown -->
      </class> <!-- TestClass -->
    </test> <!-- Default test -->
  </suite> <!-- Default suite -->
</testng-results>
